images/admin_xlogo.gif
images/but1.gif
images/but2.gif
images/butbg.gif
images/compare1.gif
images/compare2.gif
images/compare3.gif
images/compare_mark.gif
images/dialog_bg.gif
images/dialog_bg_n.gif
images/go.gif
images/go_menu.gif
images/logo.gif
images/logo_gold.gif
images/logo_pro.gif
images/rarrow_flc.gif
images/tab_b.gif
images/tab_bg.gif
images/tab_bg_r.gif
images/tab_bt.gif
images/tab_bt_r.gif
images/tab_c1.gif
images/tab_c2.gif
images/tab_cl.gif
images/tab_cl_r.gif
images/tab_cr.gif
images/tab_cr_r.gif
images/tab_l.gif
images/tab_left.gif
images/tab_left_r.gif
images/tab_r.gif
images/tab_right.gif
images/tab_right_r.gif
images/top1.gif
images/top2.gif
images/top_b.gif
images/top_b_r.gif
images/top_cl.gif
images/top_cl_r.gif
images/top_cr.gif
images/top_cr_r.gif
images/xlogo.gif
images/xlogo_gold.gif
images/xlogo_pro.gif
modules/Fast_Lane_Checkout/skin1.css
skin1.css
skin1_admin.css
skin1_printable.css
